<?xml version="1.0" encoding="UTF-8"?>
<!-- Generated by org.testng.reporters.JUnitReportReporter -->
<testsuite hostname="Sandy" failures="0" tests="7" name="testRunner.Runtest" time="73.110" errors="0" timestamp="2024-05-29T00:40:57 IST" skipped="0">
  <testcase classname="testRunner.Runtest" name="runScenario" time="12.643"/>
  <testcase classname="testRunner.Runtest" name="runScenario" time="11.699"/>
  <testcase classname="testRunner.Runtest" name="runScenario" time="6.386"/>
  <testcase classname="testRunner.Runtest" name="runScenario" time="17.342"/>
  <testcase classname="testRunner.Runtest" name="runScenario" time="3.663"/>
  <testcase classname="testRunner.Runtest" name="runScenario" time="15.699"/>
  <testcase classname="testRunner.Runtest" name="runScenario" time="5.678"/>
</testsuite> <!-- testRunner.Runtest -->
