<?xml version="1.0" encoding="UTF-8"?>
<!-- Generated by org.testng.reporters.JUnitReportReporter -->
<testsuite hostname="Sandy" failures="0" tests="1" name="testRunner.Runtest" time="16.419" errors="0" timestamp="2024-05-26T21:50:21 IST" skipped="0">
  <testcase classname="testRunner.Runtest" name="runScenario" time="16.419"/>
</testsuite> <!-- testRunner.Runtest -->
