<?xml version="1.0" encoding="UTF-8"?>
<!-- Generated by org.testng.reporters.JUnitReportReporter -->
<testsuite hostname="Sandy" failures="0" tests="3" name="testRunner.Runtest" time="11.302" errors="0" timestamp="2024-05-27T12:53:33 IST" skipped="0">
  <testcase classname="testRunner.Runtest" name="runScenario" time="2.060"/>
  <testcase classname="testRunner.Runtest" name="runScenario" time="5.506"/>
  <testcase classname="testRunner.Runtest" name="runScenario" time="3.736"/>
</testsuite> <!-- testRunner.Runtest -->
